<?xml version="1.0" encoding="UTF-8"?>
<testsuite xmlns:xsi="http://www.w3.org/2001/XMLSchema-instance" xsi:noNamespaceSchemaLocation="https://maven.apache.org/surefire/maven-surefire-plugin/xsd/surefire-test-report.xsd" version="3.0.2" name="eva2.eva2.Eva2ApplicationTests" time="5.105" tests="1" errors="0" skipped="0" failures="0">
  <properties>
[...]
</properties>
  <testcase name="contextLoads" classname="eva2.eva2.Eva2ApplicationTests" time="0.27">
    <system-out><![CDATA[17:39:53.561 [main] INFO org.springframework.test.context.support.AnnotationConfigContextLoaderUtils -- Could not detect default configuration classes for test class [eva2.eva2.Eva2ApplicationTests]: Eva2ApplicationTests does not declare any static, non-private, non-final, nested classes annotated with @Configuration.
17:39:53.645 [main] INFO org.springframework.boot.test.context.SpringBootTestContextBootstrapper -- Found @SpringBootConfiguration eva2.eva2.Eva2Application for test class eva2.eva2.Eva2ApplicationTests
17:39:53.773 [main] INFO org.springframework.boot.devtools.restart.RestartApplicationListener -- Restart disabled due to context in which it is running

  .   ____          _            __ _ _
 /\\ / ___'_ __ _ _(_)_ __  __ _ \ \ \ \
( ( )\___ | '_ | '_| | '_ \/ _` | \ \ \ \
 \\/  ___)| |_)| | | | | || (_| |  ) ) ) )
  '  |____| .__|_| |_|_| |_\__, | / / / /
 =========|_|==============|___/=/_/_/_/

 :: Spring Boot ::                (v3.5.7)

2025-11-15T17:39:53.990-03:00  INFO 8508 --- [SaborGourmet] [           main] eva2.eva2.Eva2ApplicationTests           : Starting Eva2ApplicationTests using Java 21.0.7 with PID 8508 (started by histo in C:\Users\histo\OneDrive\Escritorio\eva2)
2025-11-15T17:39:53.992-03:00  INFO 8508 --- [SaborGourmet] [           main] eva2.eva2.Eva2ApplicationTests           : No active profile set, falling back to 1 default profile: "default"
2025-11-15T17:39:54.629-03:00  INFO 8508 --- [SaborGourmet] [           main] .s.d.r.c.RepositoryConfigurationDelegate : Bootstrapping Spring Data JPA repositories in DEFAULT mode.
2025-11-15T17:39:54.686-03:00  INFO 8508 --- [SaborGourmet] [           main] .s.d.r.c.RepositoryConfigurationDelegate : Finished Spring Data repository scanning in 42 ms. Found 3 JPA repository interfaces.
2025-11-15T17:39:55.046-03:00  INFO 8508 --- [SaborGourmet] [           main] o.hibernate.jpa.internal.util.LogHelper  : HHH000204: Processing PersistenceUnitInfo [name: default]
2025-11-15T17:39:55.096-03:00  INFO 8508 --- [SaborGourmet] [           main] org.hibernate.Version                    : HHH000412: Hibernate ORM core version 6.6.33.Final
2025-11-15T17:39:55.123-03:00  INFO 8508 --- [SaborGourmet] [           main] o.h.c.internal.RegionFactoryInitiator    : HHH000026: Second-level cache disabled
2025-11-15T17:39:55.416-03:00  INFO 8508 --- [SaborGourmet] [           main] o.s.o.j.p.SpringPersistenceUnitInfo      : No LoadTimeWeaver setup: ignoring JPA class transformer
2025-11-15T17:39:55.445-03:00  INFO 8508 --- [SaborGourmet] [           main] com.zaxxer.hikari.HikariDataSource       : HikariPool-1 - Starting...
2025-11-15T17:39:55.611-03:00  INFO 8508 --- [SaborGourmet] [           main] com.zaxxer.hikari.pool.HikariPool        : HikariPool-1 - Added connection conn0: url=jdbc:h2:mem:sabor_gourmet user=SA
2025-11-15T17:39:55.613-03:00  INFO 8508 --- [SaborGourmet] [           main] com.zaxxer.hikari.HikariDataSource       : HikariPool-1 - Start completed.
2025-11-15T17:39:55.630-03:00  WARN 8508 --- [SaborGourmet] [           main] org.hibernate.orm.deprecation            : HHH90000025: H2Dialect does not need to be specified explicitly using 'hibernate.dialect' (remove the property setting and it will be selected by default)
2025-11-15T17:39:55.645-03:00  INFO 8508 --- [SaborGourmet] [           main] org.hibernate.orm.connections.pooling    : HHH10001005: Database info:
	Database JDBC URL [Connecting through datasource 'HikariDataSource (HikariPool-1)']
	Database driver: undefined/unknown
	Database version: 2.3.232
	Autocommit mode: undefined/unknown
	Isolation level: undefined/unknown
	Minimum pool size: undefined/unknown
	Maximum pool size: undefined/unknown
2025-11-15T17:39:56.265-03:00  INFO 8508 --- [SaborGourmet] [           main] o.h.e.t.j.p.i.JtaPlatformInitiator       : HHH000489: No JTA platform available (set 'hibernate.transaction.jta.platform' to enable JTA platform integration)
Hibernate: 
    drop table if exists cliente cascade 
Hibernate: 
    drop table if exists mesa cascade 
Hibernate: 
    drop table if exists reserva cascade 
Hibernate: 
    create table cliente (
        id bigint generated by default as identity,
        email varchar(255),
        nombre varchar(255),
        rut varchar(255),
        telefono varchar(255),
        primary key (id)
    )
Hibernate: 
    create table mesa (
        capacidad integer not null,
        disponible boolean not null,
        numero integer not null,
        id bigint generated by default as identity,
        primary key (id)
    )
Hibernate: 
    create table reserva (
        cliente_id bigint,
        fecha_hora timestamp(6),
        id bigint generated by default as identity,
        mesa_id bigint,
        primary key (id)
    )
Hibernate: 
    alter table if exists reserva 
       add constraint FK7cg2jiyn5cf6f6elccvb6963k 
       foreign key (cliente_id) 
       references cliente
Hibernate: 
    alter table if exists reserva 
       add constraint FKpl3xwkxn9q87uwban10i1c9kk 
       foreign key (mesa_id) 
       references mesa
2025-11-15T17:39:56.300-03:00  INFO 8508 --- [SaborGourmet] [           main] j.LocalContainerEntityManagerFactoryBean : Initialized JPA EntityManagerFactory for persistence unit 'default'
2025-11-15T17:39:56.835-03:00  INFO 8508 --- [SaborGourmet] [           main] o.s.d.j.r.query.QueryEnhancerFactory     : Hibernate is in classpath; If applicable, HQL parser will be used.
2025-11-15T17:39:57.685-03:00  WARN 8508 --- [SaborGourmet] [           main] JpaBaseConfiguration$JpaWebConfiguration : spring.jpa.open-in-view is enabled by default. Therefore, database queries may be performed during view rendering. Explicitly configure spring.jpa.open-in-view to disable this warning
2025-11-15T17:39:57.711-03:00  INFO 8508 --- [SaborGourmet] [           main] o.s.b.a.w.s.WelcomePageHandlerMapping    : Adding welcome page template: index
2025-11-15T17:39:58.018-03:00  INFO 8508 --- [SaborGourmet] [           main] o.s.b.a.h2.H2ConsoleAutoConfiguration    : H2 console available at '/h2-console'. Database available at 'jdbc:h2:mem:sabor_gourmet'
2025-11-15T17:39:58.115-03:00  INFO 8508 --- [SaborGourmet] [           main] eva2.eva2.Eva2ApplicationTests           : Started Eva2ApplicationTests in 4.35 seconds (process running for 5.138)
Hibernate: 
    select
        count(*) 
    from
        cliente c1_0
Hibernate: 
    insert 
    into
        cliente
        (email, nombre, rut, telefono, id) 
    values
        (?, ?, ?, ?, default)
Hibernate: 
    insert 
    into
        cliente
        (email, nombre, rut, telefono, id) 
    values
        (?, ?, ?, ?, default)
Hibernate: 
    insert 
    into
        cliente
        (email, nombre, rut, telefono, id) 
    values
        (?, ?, ?, ?, default)
Hibernate: 
    insert 
    into
        cliente
        (email, nombre, rut, telefono, id) 
    values
        (?, ?, ?, ?, default)
Hibernate: 
    insert 
    into
        cliente
        (email, nombre, rut, telefono, id) 
    values
        (?, ?, ?, ?, default)
Hibernate: 
    insert 
    into
        mesa
        (capacidad, disponible, numero, id) 
    values
        (?, ?, ?, default)
Hibernate: 
    insert 
    into
        mesa
        (capacidad, disponible, numero, id) 
    values
        (?, ?, ?, default)
Hibernate: 
    insert 
    into
        mesa
        (capacidad, disponible, numero, id) 
    values
        (?, ?, ?, default)
Hibernate: 
    insert 
    into
        mesa
        (capacidad, disponible, numero, id) 
    values
        (?, ?, ?, default)
Hibernate: 
    insert 
    into
        mesa
        (capacidad, disponible, numero, id) 
    values
        (?, ?, ?, default)
Hibernate: 
    insert 
    into
        mesa
        (capacidad, disponible, numero, id) 
    values
        (?, ?, ?, default)
Hibernate: 
    insert 
    into
        mesa
        (capacidad, disponible, numero, id) 
    values
        (?, ?, ?, default)
Hibernate: 
    insert 
    into
        mesa
        (capacidad, disponible, numero, id) 
    values
        (?, ?, ?, default)
Hibernate: 
    insert 
    into
        reserva
        (cliente_id, fecha_hora, mesa_id, id) 
    values
        (?, ?, ?, default)
Hibernate: 
    insert 
    into
        reserva
        (cliente_id, fecha_hora, mesa_id, id) 
    values
        (?, ?, ?, default)
Hibernate: 
    insert 
    into
        reserva
        (cliente_id, fecha_hora, mesa_id, id) 
    values
        (?, ?, ?, default)
Hibernate: 
    insert 
    into
        reserva
        (cliente_id, fecha_hora, mesa_id, id) 
    values
        (?, ?, ?, default)
Hibernate: 
    insert 
    into
        reserva
        (cliente_id, fecha_hora, mesa_id, id) 
    values
        (?, ?, ?, default)
✅ Datos iniciales cargados correctamente
]]></system-out>
    <system-err><![CDATA[Mockito is currently self-attaching to enable the inline-mock-maker. This will no longer work in future releases of the JDK. Please add Mockito as an agent to your build as described in Mockito's documentation: https://javadoc.io/doc/org.mockito/mockito-core/latest/org.mockito/org/mockito/Mockito.html#0.3
WARNING: A Java agent has been loaded dynamically (C:\Users\histo\.m2\repository\net\bytebuddy\byte-buddy-agent\1.17.8\byte-buddy-agent-1.17.8.jar)
WARNING: If a serviceability tool is in use, please run with -XX:+EnableDynamicAgentLoading to hide this warning
WARNING: If a serviceability tool is not in use, please run with -Djdk.instrument.traceUsage for more information
WARNING: Dynamic loading of agents will be disallowed by default in a future release
]]></system-err>
  </testcase>
</testsuite>